[debug] [2020-04-23T06:27:08.897Z] ----------------------------------------------------------------------
[debug] [2020-04-23T06:27:08.898Z] Command:       C:\Program Files\nodejs\node.exe C:\Users\roisd\AppData\Roaming\npm\node_modules\firebase-tools\lib\bin\firebase.js serve
[debug] [2020-04-23T06:27:08.898Z] CLI Version:   8.1.1
[debug] [2020-04-23T06:27:08.898Z] Platform:      win32
[debug] [2020-04-23T06:27:08.899Z] Node Version:  v12.14.1
[debug] [2020-04-23T06:27:08.899Z] Time:          Thu Apr 23 2020 13:27:08 GMT+0700 (Western Indonesia Time)
[debug] [2020-04-23T06:27:08.899Z] ----------------------------------------------------------------------
[debug] [2020-04-23T06:27:08.900Z] 
[debug] [2020-04-23T06:27:08.906Z] > command requires scopes: ["email","openid","https://www.googleapis.com/auth/cloudplatformprojects.readonly","https://www.googleapis.com/auth/firebase","https://www.googleapis.com/auth/cloud-platform"]
[debug] [2020-04-23T06:27:08.906Z] > authorizing via signed-in user
[debug] [2020-04-23T06:27:08.906Z] [iam] checking project react-login-fab26 for permissions ["firebase.projects.get"]
[debug] [2020-04-23T06:27:08.909Z] >>> HTTP REQUEST POST https://cloudresourcemanager.googleapis.com/v1/projects/react-login-fab26:testIamPermissions  
 {"permissions":["firebase.projects.get"]}
[debug] [2020-04-23T06:27:10.390Z] <<< HTTP RESPONSE 200 {"content-type":"application/json; charset=UTF-8","vary":"X-Origin, Referer, Origin,Accept-Encoding","date":"Thu, 23 Apr 2020 06:27:11 GMT","server":"ESF","cache-control":"private","x-xss-protection":"0","x-frame-options":"SAMEORIGIN","x-content-type-options":"nosniff","server-timing":"gfet4t7; dur=1217","alt-svc":"quic=\":443\"; ma=2592000; v=\"46,43\",h3-Q050=\":443\"; ma=2592000,h3-Q049=\":443\"; ma=2592000,h3-Q048=\":443\"; ma=2592000,h3-Q046=\":443\"; ma=2592000,h3-Q043=\":443\"; ma=2592000,h3-T050=\":443\"; ma=2592000","accept-ranges":"none","transfer-encoding":"chunked"}
[debug] [2020-04-23T06:27:10.392Z] >>> HTTP REQUEST GET https://firebase.googleapis.com/v1beta1/projects/react-login-fab26  
 
[debug] [2020-04-23T06:27:10.862Z] <<< HTTP RESPONSE 200 {"content-type":"application/json; charset=UTF-8","vary":"X-Origin, Referer, Origin,Accept-Encoding","date":"Thu, 23 Apr 2020 06:27:11 GMT","server":"ESF","cache-control":"private","x-xss-protection":"0","x-frame-options":"SAMEORIGIN","x-content-type-options":"nosniff","alt-svc":"quic=\":443\"; ma=2592000; v=\"46,43\",h3-Q050=\":443\"; ma=2592000,h3-Q049=\":443\"; ma=2592000,h3-Q048=\":443\"; ma=2592000,h3-Q046=\":443\"; ma=2592000,h3-Q043=\":443\"; ma=2592000,h3-T050=\":443\"; ma=2592000","accept-ranges":"none","transfer-encoding":"chunked"}
[info] 
[info] === Serving from 'E:\KULIAH\SEMESTER 6\PEMROGRAMAN FRAMEWORK\Tugas_RoisDwiAdmaja_1741720193_PBF\rois-minggu12'...
[info] 
[debug] [2020-04-23T06:27:10.891Z] >>> HTTP REQUEST GET https://firebase.googleapis.com/v1beta1/projects/react-login-fab26/webApps/-/config  
 
[debug] [2020-04-23T06:27:11.895Z] <<< HTTP RESPONSE 200 {"content-type":"application/json; charset=UTF-8","vary":"X-Origin, Referer, Origin,Accept-Encoding","date":"Thu, 23 Apr 2020 06:27:12 GMT","server":"ESF","cache-control":"private","x-xss-protection":"0","x-frame-options":"SAMEORIGIN","x-content-type-options":"nosniff","alt-svc":"quic=\":443\"; ma=2592000; v=\"46,43\",h3-Q050=\":443\"; ma=2592000,h3-Q049=\":443\"; ma=2592000,h3-Q048=\":443\"; ma=2592000,h3-Q046=\":443\"; ma=2592000,h3-Q043=\":443\"; ma=2592000,h3-T050=\":443\"; ma=2592000","accept-ranges":"none","transfer-encoding":"chunked"}
[info] i  hosting: Serving hosting files from: public
[info] +  hosting: Local server: http://localhost:5000
